{
  "RSpec": {
    "coverage": {
      "/Users/Neil/Projects/Battle/spec/features/enter_names_spec.rb": [
        null,
        1,
        1,
        1,
        1,
        null,
        null
      ],
      "/Users/Neil/Projects/Battle/spec/features/hit_points_spec.rb": [
        null,
        1,
        1,
        1,
        1,
        null,
        null
      ],
      "/Users/Neil/Projects/Battle/spec/features/testing_infrastructure_spec.rb": [
        null,
        null,
        null,
        null,
        null,
        null
      ]
    },
    "timestamp": 1539703256
  }
}
